<?xml version="1.0" encoding="UTF-8"?>
<!-- Generated by org.testng.reporters.JUnitReportReporter -->
<testsuite skipped="0" hostname="LAPTOP-8TPOCDRC" name="com.qa.SA.tests.HomePageTest" tests="1" failures="0" timestamp="2020-02-06T23:42:26 AEDT" time="1.237" errors="0">
  <testcase name="verifycontactPage" time="1.237" classname="com.qa.SA.tests.HomePageTest"/>
</testsuite> <!-- com.qa.SA.tests.HomePageTest -->
