<?xml version="1.0" encoding="UTF-8"?>
<!-- Generated by org.testng.reporters.JUnitReportReporter -->
<testsuite skipped="0" hostname="LAPTOP-8TPOCDRC" name="com.qa.SA.tests.DarlingtonPageTest" tests="25" failures="0" timestamp="2020-02-10T23:10:59 AEDT" time="123.002" errors="0">
  <testcase name="verifydarlingtontitle" time="1.939" classname="com.qa.SA.tests.DarlingtonPageTest"/>
  <testcase name="bookingdarlington" time="3.297" classname="com.qa.SA.tests.DarlingtonPageTest"/>
  <testcase name="verifyotherservice" time="0.563" classname="com.qa.SA.tests.DarlingtonPageTest"/>
  <testcase name="verifywcselect" time="1.471" classname="com.qa.SA.tests.DarlingtonPageTest"/>
  <testcase name="verifymaheshselect" time="0.487" classname="com.qa.SA.tests.DarlingtonPageTest"/>
  <testcase name="verifycalendartest" time="4.286" classname="com.qa.SA.tests.DarlingtonPageTest"/>
  <testcase name="verifycalendartime" time="0.373" classname="com.qa.SA.tests.DarlingtonPageTest"/>
  <testcase name="verifyformtest" time="5.815" classname="com.qa.SA.tests.DarlingtonPageTest"/>
  <testcase name="verifyformbacktest" time="2.712" classname="com.qa.SA.tests.DarlingtonPageTest"/>
  <testcase name="verifychristest" time="1.361" classname="com.qa.SA.tests.DarlingtonPageTest"/>
  <testcase name="bookingchris" time="0.486" classname="com.qa.SA.tests.DarlingtonPageTest"/>
  <testcase name="verifydateselect" time="2.276" classname="com.qa.SA.tests.DarlingtonPageTest"/>
  <testcase name="verifydamienselect" time="0.637" classname="com.qa.SA.tests.DarlingtonPageTest"/>
  <testcase name="verifydamiencalendar" time="19.291" classname="com.qa.SA.tests.DarlingtonPageTest"/>
  <testcase name="verifydoctor" time="1.660" classname="com.qa.SA.tests.DarlingtonPageTest"/>
  <testcase name="verifybookingtest" time="25.785" classname="com.qa.SA.tests.DarlingtonPageTest"/>
  <testcase name="physiotest" time="9.370" classname="com.qa.SA.tests.DarlingtonPageTest"/>
  <testcase name="verifydamiselect" time="0.417" classname="com.qa.SA.tests.DarlingtonPageTest"/>
  <testcase name="verifydamibooktest" time="1.044" classname="com.qa.SA.tests.DarlingtonPageTest"/>
  <testcase name="verifychriselecttest" time="7.223" classname="com.qa.SA.tests.DarlingtonPageTest"/>
  <testcase name="verifymaheshmk" time="7.201" classname="com.qa.SA.tests.DarlingtonPageTest"/>
  <testcase name="verifymkanydoctortest" time="4.668" classname="com.qa.SA.tests.DarlingtonPageTest"/>
  <testcase name="verifyconsultdvtest" time="7.115" classname="com.qa.SA.tests.DarlingtonPageTest"/>
  <testcase name="verifyconsultmktest" time="6.743" classname="com.qa.SA.tests.DarlingtonPageTest"/>
  <testcase name="verifymkchristest" time="6.782" classname="com.qa.SA.tests.DarlingtonPageTest"/>
</testsuite> <!-- com.qa.SA.tests.DarlingtonPageTest -->
