<?xml version="1.0" encoding="UTF-8"?>
<!-- Generated by org.testng.reporters.JUnitReportReporter -->
<testsuite skipped="0" hostname="LAPTOP-8TPOCDRC" name="com.qa.SA.tests.ContactPageTest" tests="1" failures="0" timestamp="2020-02-07T00:28:50 AEDT" time="1.782" errors="0">
  <testcase name="verifymessagetest" time="1.782" classname="com.qa.SA.tests.ContactPageTest"/>
</testsuite> <!-- com.qa.SA.tests.ContactPageTest -->
