<?xml version="1.0" encoding="UTF-8"?>
<!-- Generated by org.testng.reporters.JUnitReportReporter -->
<testsuite skipped="0" hostname="LAPTOP-8TPOCDRC" name="com.qa.SA.tests.GlenelgPageTest" tests="3" failures="0" timestamp="2020-02-13T19:58:20 AEDT" time="3.886" errors="0">
  <testcase name="verifyglenelgtext" time="1.364" classname="com.qa.SA.tests.GlenelgPageTest"/>
  <testcase name="verifybooktest" time="1.798" classname="com.qa.SA.tests.GlenelgPageTest"/>
  <testcase name="verifybackhome" time="0.724" classname="com.qa.SA.tests.GlenelgPageTest"/>
</testsuite> <!-- com.qa.SA.tests.GlenelgPageTest -->
