<?xml version="1.0" encoding="UTF-8"?>
<!-- Generated by org.testng.reporters.JUnitReportReporter -->
<testsuite skipped="0" hostname="LAPTOP-8TPOCDRC" name="com.qa.SA.tests.TeamPageTest" tests="2" failures="0" timestamp="2020-02-10T23:05:39 AEDT" time="10.399" errors="0">
  <testcase name="verifydoctorteam" time="9.766" classname="com.qa.SA.tests.TeamPageTest"/>
  <testcase name="verifydarlingtonteam" time="0.633" classname="com.qa.SA.tests.TeamPageTest"/>
</testsuite> <!-- com.qa.SA.tests.TeamPageTest -->
