<?xml version="1.0" encoding="UTF-8"?>
<!-- Generated by org.testng.reporters.JUnitReportReporter -->
<testsuite skipped="0" hostname="LAPTOP-8TPOCDRC" name="com.qa.SA.tests.LocationsPageTest" tests="10" failures="0" timestamp="2020-02-07T23:23:10 AEDT" time="21.903" errors="0">
  <testcase name="verifylocationtitle" time="0.047" classname="com.qa.SA.tests.LocationsPageTest"/>
  <testcase name="verifymodburylocation" time="2.206" classname="com.qa.SA.tests.LocationsPageTest"/>
  <testcase name="verifymodburybutton" time="1.910" classname="com.qa.SA.tests.LocationsPageTest"/>
  <testcase name="verifyinitialappointment" time="0.418" classname="com.qa.SA.tests.LocationsPageTest"/>
  <testcase name="verifyinitialselect" time="0.587" classname="com.qa.SA.tests.LocationsPageTest"/>
  <testcase name="verifygowriselect" time="0.520" classname="com.qa.SA.tests.LocationsPageTest"/>
  <testcase name="verifybooking" time="5.245" classname="com.qa.SA.tests.LocationsPageTest"/>
  <testcase name="verifycalendar" time="3.621" classname="com.qa.SA.tests.LocationsPageTest"/>
  <testcase name="verifycalendartime" time="0.452" classname="com.qa.SA.tests.LocationsPageTest"/>
  <testcase name="verifyformtest" time="6.897" classname="com.qa.SA.tests.LocationsPageTest"/>
</testsuite> <!-- com.qa.SA.tests.LocationsPageTest -->
